> Task :compileJava
> Task :compileJava FAILED

FAILURE: Build failed with an exception.

* What went wrong:
Execution failed for task ':compileJava'.
> Could not resolve all files for configuration ':compileClasspath'.
   > Could not download spring-data-jpa-4.0.3.jar (org.springframework.data:spring-data-jpa:4.0.3)
      > Could not get resource 'https://repo.maven.apache.org/maven2/org/springframework/data/spring-data-jpa/4.0.3/spring-data-jpa-4.0.3.jar'.
         > Could not GET 'https://repo.maven.apache.org/maven2/org/springframework/data/spring-data-jpa/4.0.3/spring-data-jpa-4.0.3.jar'.
            > repo.maven.apache.org
   > Could not download spring-boot-4.0.3.jar (org.springframework.boot:spring-boot:4.0.3)
      > Could not get resource 'https://repo.maven.apache.org/maven2/org/springframework/boot/spring-boot/4.0.3/spring-boot-4.0.3.jar'.
         > Could not GET 'https://repo.maven.apache.org/maven2/org/springframework/boot/spring-boot/4.0.3/spring-boot-4.0.3.jar'.
            > repo.maven.apache.org
   > Could not download spring-jdbc-7.0.5.jar (org.springframework:spring-jdbc:7.0.5)
      > Could not get resource 'https://repo.maven.apache.org/maven2/org/springframework/spring-jdbc/7.0.5/spring-jdbc-7.0.5.jar'.
         > Could not HEAD 'https://repo.maven.apache.org/maven2/org/springframework/spring-jdbc/7.0.5/spring-jdbc-7.0.5.jar'.
            > No such host is known (repo.maven.apache.org)
   > Could not download spring-webmvc-7.0.5.jar (org.springframework:spring-webmvc:7.0.5)
      > Could not get resource 'https://repo.maven.apache.org/maven2/org/springframework/spring-webmvc/7.0.5/spring-webmvc-7.0.5.jar'.
         > Could not GET 'https://repo.maven.apache.org/maven2/org/springframework/spring-webmvc/7.0.5/spring-webmvc-7.0.5.jar'.
            > repo.maven.apache.org
   > Could not download spring-web-7.0.5.jar (org.springframework:spring-web:7.0.5)
      > Could not get resource 'https://repo.maven.apache.org/maven2/org/springframework/spring-web/7.0.5/spring-web-7.0.5.jar'.
         > Could not GET 'https://repo.maven.apache.org/maven2/org/springframework/spring-web/7.0.5/spring-web-7.0.5.jar'.
            > repo.maven.apache.org
   > Could not download spring-data-commons-4.0.3.jar (org.springframework.data:spring-data-commons:4.0.3)
      > Could not get resource 'https://repo.maven.apache.org/maven2/org/springframework/data/spring-data-commons/4.0.3/spring-data-commons-4.0.3.jar'.
         > Could not GET 'https://repo.maven.apache.org/maven2/org/springframework/data/spring-data-commons/4.0.3/spring-data-commons-4.0.3.jar'.
            > repo.maven.apache.org
   > Could not download hibernate-core-7.2.4.Final.jar (org.hibernate.orm:hibernate-core:7.2.4.Final)
      > Could not get resource 'https://repo.maven.apache.org/maven2/org/hibernate/orm/hibernate-core/7.2.4.Final/hibernate-core-7.2.4.Final.jar'.
         > Could not GET 'https://repo.maven.apache.org/maven2/org/hibernate/orm/hibernate-core/7.2.4.Final/hibernate-core-7.2.4.Final.jar'.
            > repo.maven.apache.org
   > Could not download spring-context-7.0.5.jar (org.springframework:spring-context:7.0.5)
      > Could not get resource 'https://repo.maven.apache.org/maven2/org/springframework/spring-context/7.0.5/spring-context-7.0.5.jar'.
         > Could not GET 'https://repo.maven.apache.org/maven2/org/springframework/spring-context/7.0.5/spring-context-7.0.5.jar'.
            > repo.maven.apache.org
   > Could not download spring-aop-7.0.5.jar (org.springframework:spring-aop:7.0.5)
      > Could not get resource 'https://repo.maven.apache.org/maven2/org/springframework/spring-aop/7.0.5/spring-aop-7.0.5.jar'.
         > Could not HEAD 'https://repo.maven.apache.org/maven2/org/springframework/spring-aop/7.0.5/spring-aop-7.0.5.jar'.
            > repo.maven.apache.org
   > Could not download spring-tx-7.0.5.jar (org.springframework:spring-tx:7.0.5)
      > Could not get resource 'https://repo.maven.apache.org/maven2/org/springframework/spring-tx/7.0.5/spring-tx-7.0.5.jar'.
         > Could not HEAD 'https://repo.maven.apache.org/maven2/org/springframework/spring-tx/7.0.5/spring-tx-7.0.5.jar'.
            > repo.maven.apache.org
   > Could not download spring-beans-7.0.5.jar (org.springframework:spring-beans:7.0.5)
      > Could not get resource 'https://repo.maven.apache.org/maven2/org/springframework/spring-beans/7.0.5/spring-beans-7.0.5.jar'.
         > Could not GET 'https://repo.maven.apache.org/maven2/org/springframework/spring-beans/7.0.5/spring-beans-7.0.5.jar'.
            > repo.maven.apache.org
   > Could not download spring-expression-7.0.5.jar (org.springframework:spring-expression:7.0.5)
      > Could not get resource 'https://repo.maven.apache.org/maven2/org/springframework/spring-expression/7.0.5/spring-expression-7.0.5.jar'.
         > Could not HEAD 'https://repo.maven.apache.org/maven2/org/springframework/spring-expression/7.0.5/spring-expression-7.0.5.jar'.
            > repo.maven.apache.org
   > Could not download aspectjweaver-1.9.25.1.jar (org.aspectj:aspectjweaver:1.9.25.1)
      > Could not get resource 'https://repo.maven.apache.org/maven2/org/aspectj/aspectjweaver/1.9.25.1/aspectjweaver-1.9.25.1.jar'.
         > Could not GET 'https://repo.maven.apache.org/maven2/org/aspectj/aspectjweaver/1.9.25.1/aspectjweaver-1.9.25.1.jar'.
            > repo.maven.apache.org
   > Could not download tomcat-embed-core-11.0.18.jar (org.apache.tomcat.embed:tomcat-embed-core:11.0.18)
      > Could not get resource 'https://repo.maven.apache.org/maven2/org/apache/tomcat/embed/tomcat-embed-core/11.0.18/tomcat-embed-core-11.0.18.jar'.
         > Could not GET 'https://repo.maven.apache.org/maven2/org/apache/tomcat/embed/tomcat-embed-core/11.0.18/tomcat-embed-core-11.0.18.jar'.
            > repo.maven.apache.org
   > Could not download logback-core-1.5.32.jar (ch.qos.logback:logback-core:1.5.32)
      > Could not get resource 'https://repo.maven.apache.org/maven2/ch/qos/logback/logback-core/1.5.32/logback-core-1.5.32.jar'.
         > Could not GET 'https://repo.maven.apache.org/maven2/ch/qos/logback/logback-core/1.5.32/logback-core-1.5.32.jar'.
            > repo.maven.apache.org
   > Could not download jakarta.persistence-api-3.2.0.jar (jakarta.persistence:jakarta.persistence-api:3.2.0)
      > Could not get resource 'https://repo.maven.apache.org/maven2/jakarta/persistence/jakarta.persistence-api/3.2.0/jakarta.persistence-api-3.2.0.jar'.
         > Could not GET 'https://repo.maven.apache.org/maven2/jakarta/persistence/jakarta.persistence-api/3.2.0/jakarta.persistence-api-3.2.0.jar'.
            > repo.maven.apache.org
   > Could not download jackson-annotations-2.20.jar (com.fasterxml.jackson.core:jackson-annotations:2.20)
      > Could not get resource 'https://repo.maven.apache.org/maven2/com/fasterxml/jackson/core/jackson-annotations/2.20/jackson-annotations-2.20.jar'.
         > Could not HEAD 'https://repo.maven.apache.org/maven2/com/fasterxml/jackson/core/jackson-annotations/2.20/jackson-annotations-2.20.jar'.
            > repo.maven.apache.org
   > Could not download org.osgi.resource-1.0.0.jar (org.osgi:org.osgi.resource:1.0.0)
      > Could not get resource 'https://repo.maven.apache.org/maven2/org/osgi/org.osgi.resource/1.0.0/org.osgi.resource-1.0.0.jar'.
         > Could not GET 'https://repo.maven.apache.org/maven2/org/osgi/org.osgi.resource/1.0.0/org.osgi.resource-1.0.0.jar'.
            > repo.maven.apache.org

* Try:
> Run with --stacktrace option to get the stack trace.
> Run with --info or --debug option to get more log output.
> Run with --scan to get full insights from a Build Scan (powered by Develocity).
> Get more help at https://help.gradle.org.

BUILD FAILED in 1m 19s
1 actionable task: 1 executed
